# JRE version: 7.0_25-b17
# Java VM: Java HotSpot(TM) 64-Bit Server VM (23.25-b01 mixed mode windows-amd64 compressed oops)
Heap
 PSYoungGen      total 102400K, used 2883K [0x00000000e0000000, 0x00000000ef760000, 0x0000000100000000)
  eden space 98304K, 2% used [0x00000000e0000000,0x00000000e02d0f00,0x00000000e6000000)
  from space 4096K, 0% used [0x00000000e6000000,0x00000000e6000000,0x00000000e6400000)
  to   space 28352K, 0% used [0x00000000edbb0000,0x00000000edbb0000,0x00000000ef760000)
 ParOldGen       total 100800K, used 40108K [0x00000000a0000000, 0x00000000a6270000, 0x00000000e0000000)
  object space 100800K, 39% used [0x00000000a0000000,0x00000000a272b358,0x00000000a6270000)
 PSPermGen       total 43904K, used 21800K [0x000000009ae00000, 0x000000009d8e0000, 0x00000000a0000000)
  object space 43904K, 49% used [0x000000009ae00000,0x000000009c34a0f8,0x000000009d8e0000)
GC Heap History (10 events):
Event: 0.934 GC heap before
{Heap before GC invocations=2 (full 0):
 PSYoungGen      total 28672K, used 28651K [0x00000000e0000000, 0x00000000e3800000, 0x0000000100000000)
  eden space 24576K, 100% used [0x00000000e0000000,0x00000000e1800000,0x00000000e1800000)
  from space 4096K, 99% used [0x00000000e1800000,0x00000000e1bfac50,0x00000000e1c00000)
  to   space 4096K, 0% used [0x00000000e3400000,0x00000000e3400000,0x00000000e3800000)
 ParOldGen       total 65536K, used 1475K [0x00000000a0000000, 0x00000000a4000000, 0x00000000e0000000)
  object space 65536K, 2% used [0x00000000a0000000,0x00000000a0170e18,0x00000000a4000000)
 PSPermGen       total 21248K, used 7971K [0x000000009ae00000, 0x000000009c2c0000, 0x00000000a0000000)
  object space 21248K, 37% used [0x000000009ae00000,0x000000009b5c8d00,0x000000009c2c0000)
Event: 0.951 GC heap after
Heap after GC invocations=2 (full 0):
 PSYoungGen      total 53248K, used 4064K [0x00000000e0000000, 0x00000000e3800000, 0x0000000100000000)
  eden space 49152K, 0% used [0x00000000e0000000,0x00000000e0000000,0x00000000e3000000)
  from space 4096K, 99% used [0x00000000e3400000,0x00000000e37f8010,0x00000000e3800000)
  to   space 4096K, 0% used [0x00000000e3000000,0x00000000e3000000,0x00000000e3400000)
 ParOldGen       total 65536K, used 7120K [0x00000000a0000000, 0x00000000a4000000, 0x00000000e0000000)
  object space 65536K, 10% used [0x00000000a0000000,0x00000000a06f43a8,0x00000000a4000000)
 PSPermGen       total 21248K, used 7971K [0x000000009ae00000, 0x000000009c2c0000, 0x00000000a0000000)
  object space 21248K, 37% used [0x000000009ae00000,0x000000009b5c8d00,0x000000009c2c0000)
}
Event: 1.818 GC heap before
{Heap before GC invocations=3 (full 0):
 PSYoungGen      total 53248K, used 53216K [0x00000000e0000000, 0x00000000e3800000, 0x0000000100000000)
  eden space 49152K, 100% used [0x00000000e0000000,0x00000000e3000000,0x00000000e3000000)
  from space 4096K, 99% used [0x00000000e3400000,0x00000000e37f8010,0x00000000e3800000)
  to   space 4096K, 0% used [0x00000000e3000000,0x00000000e3000000,0x00000000e3400000)
 ParOldGen       total 65536K, used 7120K [0x00000000a0000000, 0x00000000a4000000, 0x00000000e0000000)
  object space 65536K, 10% used [0x00000000a0000000,0x00000000a06f43a8,0x00000000a4000000)
 PSPermGen       total 21248K, used 13739K [0x000000009ae00000, 0x000000009c2c0000, 0x00000000a0000000)
  object space 21248K, 64% used [0x000000009ae00000,0x000000009bb6ad78,0x000000009c2c0000)
Event: 1.847 GC heap after
Heap after GC invocations=3 (full 0):
 PSYoungGen      total 53248K, used 4064K [0x00000000e0000000, 0x00000000e6800000, 0x0000000100000000)
  eden space 49152K, 0% used [0x00000000e0000000,0x00000000e0000000,0x00000000e3000000)
  from space 4096K, 99% used [0x00000000e3000000,0x00000000e33f8010,0x00000000e3400000)
  to   space 4096K, 0% used [0x00000000e6400000,0x00000000e6400000,0x00000000e6800000)
 ParOldGen       total 65536K, used 18624K [0x00000000a0000000, 0x00000000a4000000, 0x00000000e0000000)
  object space 65536K, 28% used [0x00000000a0000000,0x00000000a12301f0,0x00000000a4000000)
 PSPermGen       total 21248K, used 13739K [0x000000009ae00000, 0x000000009c2c0000, 0x00000000a0000000)
  object space 21248K, 64% used [0x000000009ae00000,0x000000009bb6ad78,0x000000009c2c0000)
}
Event: 10.839 GC heap before
{Heap before GC invocations=4 (full 0):
 PSYoungGen      total 53248K, used 53216K [0x00000000e0000000, 0x00000000e6800000, 0x0000000100000000)
  eden space 49152K, 100% used [0x00000000e0000000,0x00000000e3000000,0x00000000e3000000)
  from space 4096K, 99% used [0x00000000e3000000,0x00000000e33f8010,0x00000000e3400000)
  to   space 4096K, 0% used [0x00000000e6400000,0x00000000e6400000,0x00000000e6800000)
 ParOldGen       total 65536K, used 18624K [0x00000000a0000000, 0x00000000a4000000, 0x00000000e0000000)
  object space 65536K, 28% used [0x00000000a0000000,0x00000000a12301f0,0x00000000a4000000)
 PSPermGen       total 21248K, used 17017K [0x000000009ae00000, 0x000000009c2c0000, 0x00000000a0000000)
  object space 21248K, 80% used [0x000000009ae00000,0x000000009be9e660,0x000000009c2c0000)
Event: 10.877 GC heap after
Heap after GC invocations=4 (full 0):
 PSYoungGen      total 102400K, used 4064K [0x00000000e0000000, 0x00000000e6800000, 0x0000000100000000)
  eden space 98304K, 0% used [0x00000000e0000000,0x00000000e0000000,0x00000000e6000000)
  from space 4096K, 99% used [0x00000000e6400000,0x00000000e67f8010,0x00000000e6800000)
  to   space 4096K, 0% used [0x00000000e6000000,0x00000000e6000000,0x00000000e6400000)
 ParOldGen       total 65536K, used 33918K [0x00000000a0000000, 0x00000000a4000000, 0x00000000e0000000)
  object space 65536K, 51% used [0x00000000a0000000,0x00000000a211f860,0x00000000a4000000)
 PSPermGen       total 21248K, used 17017K [0x000000009ae00000, 0x000000009c2c0000, 0x00000000a0000000)
  object space 21248K, 80% used [0x000000009ae00000,0x000000009be9e660,0x000000009c2c0000)
}
Event: 13.094 GC heap before
{Heap before GC invocations=5 (full 0):
 PSYoungGen      total 102400K, used 102368K [0x00000000e0000000, 0x00000000e6800000, 0x0000000100000000)
  eden space 98304K, 100% used [0x00000000e0000000,0x00000000e6000000,0x00000000e6000000)
  from space 4096K, 99% used [0x00000000e6400000,0x00000000e67f8010,0x00000000e6800000)
  to   space 4096K, 0% used [0x00000000e6000000,0x00000000e6000000,0x00000000e6400000)
 ParOldGen       total 65536K, used 33918K [0x00000000a0000000, 0x00000000a4000000, 0x00000000e0000000)
  object space 65536K, 51% used [0x00000000a0000000,0x00000000a211f860,0x00000000a4000000)
 PSPermGen       total 21824K, used 21809K [0x000000009ae00000, 0x000000009c350000, 0x00000000a0000000)
  object space 21824K, 99% used [0x000000009ae00000,0x000000009c34c4a0,0x000000009c350000)
Event: 13.140 GC heap after
Heap after GC invocations=5 (full 0):
 PSYoungGen      total 102400K, used 4064K [0x00000000e0000000, 0x00000000ef760000, 0x0000000100000000)
  eden space 98304K, 0% used [0x00000000e0000000,0x00000000e0000000,0x00000000e6000000)
  from space 4096K, 99% used [0x00000000e6000000,0x00000000e63f8010,0x00000000e6400000)
  to   space 28352K, 0% used [0x00000000edbb0000,0x00000000edbb0000,0x00000000ef760000)
 ParOldGen       total 65536K, used 53130K [0x00000000a0000000, 0x00000000a4000000, 0x00000000e0000000)
  object space 65536K, 81% used [0x00000000a0000000,0x00000000a33e2888,0x00000000a4000000)
 PSPermGen       total 21824K, used 21809K [0x000000009ae00000, 0x000000009c350000, 0x00000000a0000000)
  object space 21824K, 99% used [0x000000009ae00000,0x000000009c34c4a0,0x000000009c350000)
}
Event: 13.140 GC heap before
{Heap before GC invocations=6 (full 1):
 PSYoungGen      total 102400K, used 4064K [0x00000000e0000000, 0x00000000ef760000, 0x0000000100000000)
  eden space 98304K, 0% used [0x00000000e0000000,0x00000000e0000000,0x00000000e6000000)
  from space 4096K, 99% used [0x00000000e6000000,0x00000000e63f8010,0x00000000e6400000)
  to   space 28352K, 0% used [0x00000000edbb0000,0x00000000edbb0000,0x00000000ef760000)
 ParOldGen       total 65536K, used 53130K [0x00000000a0000000, 0x00000000a4000000, 0x00000000e0000000)
  object space 65536K, 81% used [0x00000000a0000000,0x00000000a33e2888,0x00000000a4000000)
 PSPermGen       total 21824K, used 21809K [0x000000009ae00000, 0x000000009c350000, 0x00000000a0000000)
  object space 21824K, 99% used [0x000000009ae00000,0x000000009c34c4a0,0x000000009c350000)
Event: 13.473 GC heap after
Heap after GC invocations=6 (full 1):
 PSYoungGen      total 102400K, used 0K [0x00000000e0000000, 0x00000000ef760000, 0x0000000100000000)
  eden space 98304K, 0% used [0x00000000e0000000,0x00000000e0000000,0x00000000e6000000)
  from space 4096K, 0% used [0x00000000e6000000,0x00000000e6000000,0x00000000e6400000)
  to   space 28352K, 0% used [0x00000000edbb0000,0x00000000edbb0000,0x00000000ef760000)
 ParOldGen       total 100800K, used 40108K [0x00000000a0000000, 0x00000000a6270000, 0x00000000e0000000)
  object space 100800K, 39% used [0x00000000a0000000,0x00000000a272b358,0x00000000a6270000)
 PSPermGen       total 43904K, used 21794K [0x000000009ae00000, 0x000000009d8e0000, 0x00000000a0000000)
  object space 43904K, 49% used [0x000000009ae00000,0x000000009c348890,0x000000009d8e0000)
}

